<?xml version="1.0" encoding="UTF-8"?>
<!-- Generated by org.testng.reporters.JUnitReportReporter -->
<testsuite hostname="LAPTOP-S40V9R25" failures="0" tests="1" name="WebDemo.Savefunction" time="8.330" errors="0" timestamp="2024-03-08T12:25:43 NPT" skipped="0">
  <testcase classname="WebDemo.Savefunction" name="Additem" time="8.330"/>
  <system-out/>
</testsuite> <!-- WebDemo.Savefunction -->
