<?xml version="1.0" encoding="UTF-8"?>
<!-- Generated by org.testng.reporters.JUnitReportReporter -->
<testsuite hostname="LAPTOP-S40V9R25" failures="0" tests="1" name="WebDemo.SearchTest" time="9.526" errors="0" timestamp="2024-03-08T12:27:56 NPT" skipped="0">
  <testcase classname="WebDemo.SearchTest" name="Additem" time="9.526"/>
  <system-out/>
</testsuite> <!-- WebDemo.SearchTest -->
