<?xml version="1.0" encoding="UTF-8"?>
<!-- Generated by org.testng.reporters.JUnitReportReporter -->
<testsuite hostname="LAPTOP-S40V9R25" failures="0" tests="1" name="WebDemo.AddtoCart" time="9.381" errors="0" timestamp="2024-03-08T09:16:32 NPT" skipped="0">
  <testcase classname="WebDemo.AddtoCart" name="Additem" time="9.381"/>
  <system-out/>
</testsuite> <!-- WebDemo.AddtoCart -->
