<?xml version="1.0" encoding="UTF-8"?>
<!-- Generated by org.testng.reporters.JUnitReportReporter -->
<testsuite hostname="LAPTOP-S40V9R25" failures="0" tests="1" name="hamrobazaartest.SearchTest" time="10.133" errors="0" timestamp="2024-03-08T12:41:26 NPT" skipped="0">
  <testcase classname="hamrobazaartest.SearchTest" name="Additem" time="10.133"/>
  <system-out/>
</testsuite> <!-- hamrobazaartest.SearchTest -->
